<?xml version="1.0" encoding="UTF-8"?>
<!-- Generated by org.testng.reporters.JUnitReportReporter -->
<testsuite hostname="Shankar" failures="0" tests="1" name="electronics.TC_DWS_007" time="3.098" errors="0" timestamp="2024-12-20T17:41:24 IST" skipped="0">
  <testcase classname="electronics.TC_DWS_007" name="clickOnElectronics" time="3.098"/>
  <system-out/>
</testsuite> <!-- electronics.TC_DWS_007 -->
