<?xml version="1.0" encoding="UTF-8"?>
<!-- Generated by org.testng.reporters.JUnitReportReporter -->
<testsuite hostname="Shankar" failures="0" tests="1" name="computers.TC_DWS_006" time="2.733" errors="0" timestamp="2024-12-20T17:17:56 IST" skipped="0">
  <testcase classname="computers.TC_DWS_006" name="clickOnComputers" time="2.733"/>
  <system-out/>
</testsuite> <!-- computers.TC_DWS_006 -->
